TN:
SF:api\index.ts
FN:4,handler
FNF:1
FNH:0
FNDA:0,handler
DA:2,0
DA:4,0
DA:6,0
DA:7,0
DA:8,0
DA:11,0
DA:12,0
DA:16,0
DA:17,0
DA:22,0
DA:25,0
DA:28,0
DA:29,0
DA:30,0
DA:35,0
DA:36,0
DA:37,0
DA:39,0
DA:45,0
DA:46,0
DA:50,0
DA:58,0
DA:59,0
DA:60,0
DA:65,0
DA:67,0
DA:68,0
DA:74,0
DA:75,0
DA:76,0
DA:78,0
DA:84,0
DA:85,0
DA:89,0
DA:97,0
LF:35
LH:0
BRDA:11,0,0,0
BRDA:11,0,1,0
BRDA:16,1,0,0
BRDA:16,1,1,0
BRDA:28,2,0,0
BRDA:28,2,1,0
BRDA:29,3,0,0
BRDA:29,3,1,0
BRDA:46,4,0,0
BRDA:46,4,1,0
BRDA:58,5,0,0
BRDA:58,5,1,0
BRDA:59,6,0,0
BRDA:59,6,1,0
BRDA:67,7,0,0
BRDA:67,7,1,0
BRDA:85,8,0,0
BRDA:85,8,1,0
BRF:18
BRH:0
end_of_record
TN:
SF:lib\Convertidor.ts
FN:2,arabicToRoman
FN:48,romanToArabic
FN:121,isValidRoman
FN:133,isValidArabic
FNF:4
FNH:4
FNDA:120,arabicToRoman
FNDA:66,romanToArabic
FNDA:6,isValidRoman
FNDA:6,isValidArabic
DA:2,1
DA:4,120
DA:5,4
DA:8,116
DA:9,4
DA:12,112
DA:13,4
DA:17,108
DA:33,108
DA:34,108
DA:37,108
DA:38,1404
DA:39,283
DA:40,283
DA:44,108
DA:48,1
DA:50,66
DA:51,1
DA:54,65
DA:56,65
DA:57,0
DA:61,65
DA:62,5
DA:66,60
DA:76,60
DA:79,60
DA:80,225
DA:81,225
DA:84,225
DA:85,68
DA:87,157
DA:92,60
DA:93,0
DA:98,60
DA:99,60
DA:100,60
DA:101,4
DA:108,4
DA:109,4
DA:113,56
DA:121,1
DA:122,6
DA:123,6
DA:124,3
DA:126,3
DA:133,1
DA:134,6
DA:135,6
DA:136,3
DA:138,3
LF:50
LH:48
BRDA:4,0,0,4
BRDA:4,0,1,116
BRDA:8,1,0,4
BRDA:8,1,1,112
BRDA:12,2,0,4
BRDA:12,2,1,108
BRDA:50,3,0,1
BRDA:50,3,1,65
BRDA:50,4,0,66
BRDA:50,4,1,65
BRDA:56,5,0,0
BRDA:56,5,1,65
BRDA:61,6,0,5
BRDA:61,6,1,60
BRDA:84,7,0,68
BRDA:84,7,1,157
BRDA:84,8,0,225
BRDA:84,8,1,165
BRDA:92,9,0,0
BRDA:92,9,1,60
BRDA:92,10,0,60
BRDA:92,10,1,60
BRDA:100,11,0,4
BRDA:100,11,1,56
BRDA:108,12,0,4
BRDA:108,12,1,0
BRDA:108,13,0,4
BRDA:108,13,1,4
BRF:28
BRH:25
end_of_record
